SmartGirlz/build/intermediates/proguard-rules/release/aapt_rules.txt
# Generated by the gradle plugin
-keep class com.SmartGurlz.app.UnityPlayerActivity { <init>(...); }