SmartGirlz/build/outputs/mapping/release/seeds.txt
com.SmartGurlz.app.R
com.SmartGurlz.app.R$drawable
com.SmartGurlz.app.R$drawable: int app_banner
com.SmartGurlz.app.R$drawable: int app_icon
com.SmartGurlz.app.R$string
com.SmartGurlz.app.R$string: int app_name
com.SmartGurlz.app.R$style
com.SmartGurlz.app.R$style: int UnityThemeSelector
com.SmartGurlz.app.UnityPlayerActivity
com.SmartGurlz.app.UnityPlayerActivity: UnityPlayerActivity()
...
com.unity3d.player.GoogleARProxy$2
com.unity3d.player.GoogleARProxy$2: com.unity3d.player.GoogleARProxy a
com.unity3d.player.GoogleARProxy$2: GoogleARProxy$2(com.unity3d.player.GoogleARProxy)
com.unity3d.player.GoogleARProxy$2: void run()
com.unity3d.player.GoogleARProxy$3
com.unity3d.player.GoogleARProxy$3: com.unity3d.player.GoogleARProxy a
com.unity3d.player.GoogleARProxy$3: GoogleARProxy$3(com.unity3d.player.GoogleARProxy)
com.unity3d.player.GoogleARProxy$3: void run()
com.unity3d.player.GoogleARProxy$4
com.unity3d.player.GoogleARProxy$4: com.unity3d.player.GoogleARProxy a
com.unity3d.player.GoogleARProxy$4: GoogleARProxy$4(com.unity3d.player.GoogleARProxy)
com.unity3d.player.GoogleARProxy$4: void run()
com.unity3d.player.GoogleVrApi
com.unity3d.player.GoogleVrApi: java.util.concurrent.atomic.AtomicReference a
com.unity3d.player.GoogleVrApi: GoogleVrApi()
com.unity3d.player.GoogleVrApi: void a(com.unity3d.player.d)
com.unity3d.player.GoogleVrApi: void a()
com.unity3d.player.GoogleVrApi: com.unity3d.player.GoogleVrProxy b()
com.unity3d.player.GoogleVrApi: com.unity3d.player.GoogleVrVideo getGoogleVrVideo()
com.unity3d.player.GoogleVrApi: void <clinit>()
com.unity3d.player.GoogleVrProxy
com.unity3d.player.GoogleVrProxy: boolean f
com.unity3d.player.GoogleVrProxy: boolean g
com.unity3d.player.GoogleVrProxy: java.lang.Runnable h
com.unity3d.player.GoogleVrProxy: java.util.Vector i
com.unity3d.player.GoogleVrProxy: android.view.SurfaceView j
com.unity3d.player.GoogleVrProxy: com.unity3d.player.GoogleVrProxy$a k
com.unity3d.player.GoogleVrProxy: java.lang.Thread l
com.unity3d.player.GoogleVrProxy: android.os.Handler m
com.unity3d.player.GoogleVrProxy: GoogleVrProxy(com.unity3d.player.d)
com.unity3d.player.GoogleVrProxy: void a(boolean)
com.unity3d.player.GoogleVrProxy: boolean e()
com.unity3d.player.GoogleVrProxy: boolean a()
com.unity3d.player.GoogleVrProxy: void a(android.content.Intent)
com.unity3d.player.GoogleVrProxy: void b()
com.unity3d.player.GoogleVrProxy: void pauseGvrLayout()
com.unity3d.player.GoogleVrProxy: void c()
com.unity3d.player.GoogleVrProxy: void resumeGvrLayout()
com.unity3d.player.GoogleVrProxy: boolean a(android.app.Activity,android.content.Context,android.view.SurfaceView,java.lang.Runnable)
com.unity3d.player.GoogleVrProxy: long loadGoogleVr(boolean,boolean,boolean,boolean,boolean)
com.unity3d.player.GoogleVrProxy: void setGoogleVrModeEnabled(boolean)
com.unity3d.player.GoogleVrProxy: void unloadGoogleVr()
com.unity3d.player.GoogleVrProxy: int getVideoSurfaceId()
com.unity3d.player.GoogleVrProxy: java.lang.Object getVideoSurface()
com.unity3d.player.GoogleVrProxy$1
com.unity3d.player.GoogleVrProxy$1: com.unity3d.player.GoogleVrProxy a
com.unity3d.player.GoogleVrProxy$1: GoogleVrProxy$1(com.unity3d.player.GoogleVrProxy,android.os.Looper)
com.unity3d.player.GoogleVrProxy$1: void handleMessage(android.os.Message)
com.unity3d.player.GoogleVrProxy$2
com.unity3d.player.GoogleVrProxy$2: java.util.concurrent.atomic.AtomicLong a
com.unity3d.player.GoogleVrProxy$2: boolean b
com.unity3d.player.GoogleVrProxy$2: boolean c
com.unity3d.player.GoogleVrProxy$2: boolean d
com.unity3d.player.GoogleVrProxy$2: boolean e
com.unity3d.player.GoogleVrProxy$2: boolean f
com.unity3d.player.GoogleVrProxy$2: com.unity3d.player.GoogleVrProxy g
com.unity3d.player.GoogleVrProxy$2: GoogleVrProxy$2(com.unity3d.player.GoogleVrProxy,java.util.concurrent.atomic.AtomicLong,boolean,boolean,boolean,boolean,boolean)
com.unity3d.player.GoogleVrProxy$2: void run()
com.unity3d.player.GoogleVrProxy$3
com.unity3d.player.GoogleVrProxy$3: boolean a
com.unity3d.player.GoogleVrProxy$3: com.unity3d.player.GoogleVrProxy b
com.unity3d.player.GoogleVrProxy$3: GoogleVrProxy$3(com.unity3d.player.GoogleVrProxy,boolean)
com.unity3d.player.GoogleVrProxy$3: void run()